<?xml version="1.0" encoding="UTF-8"?>
<testng-results ignored="0" total="1" passed="1" failed="0" skipped="0">
  <reporter-output>
  </reporter-output>
  <suite started-at="2024-11-16T18:20:05 IST" name="Default suite" finished-at="2024-11-16T18:20:12 IST" duration-ms="7799">
    <groups>
    </groups>
    <test started-at="2024-11-16T18:20:05 IST" name="Default test" finished-at="2024-11-16T18:20:12 IST" duration-ms="7799">
      <class name="Assertion">
        <test-method signature="Google()[pri:0, instance:Assertion@63376bed]" started-at="2024-11-16T18:20:05 IST" name="Google" finished-at="2024-11-16T18:20:12 IST" duration-ms="7687" status="PASS">
          <reporter-output>
          </reporter-output>
        </test-method> <!-- Google -->
      </class> <!-- Assertion -->
    </test> <!-- Default test -->
  </suite> <!-- Default suite -->
</testng-results>
